{"C:\\Users\\e2the\\tw\\course3\\todoapp\\honeydo\\src\\components\\functions.ts": {"path":"C:\\Users\\e2the\\tw\\course3\\todoapp\\honeydo\\src\\components\\functions.ts","statementMap":{"0":{"start":{"line":3,"column":0},"end":{"line":3,"column":16}},"1":{"start":{"line":8,"column":0},"end":{"line":8,"column":16}},"2":{"start":{"line":12,"column":0},"end":{"line":12,"column":16}},"3":{"start":{"line":1,"column":19},"end":{"line":1,"column":42}},"4":{"start":{"line":4,"column":4},"end":{"line":4,"column":null}},"5":{"start":{"line":4,"column":57},"end":{"line":4,"column":67}},"6":{"start":{"line":9,"column":4},"end":{"line":9,"column":null}},"7":{"start":{"line":9,"column":60},"end":{"line":9,"column":70}},"8":{"start":{"line":13,"column":4},"end":{"line":13,"column":null}},"9":{"start":{"line":13,"column":61},"end":{"line":13,"column":71}}},"fnMap":{"0":{"name":"delItem","decl":{"start":{"line":3,"column":16},"end":{"line":3,"column":23}},"loc":{"start":{"line":3,"column":33},"end":{"line":6,"column":3}}},"1":{"name":"(anonymous_1)","decl":{"start":{"line":4,"column":52},"end":{"line":4,"column":55}},"loc":{"start":{"line":4,"column":57},"end":{"line":4,"column":67}}},"2":{"name":"statusUpdate","decl":{"start":{"line":8,"column":16},"end":{"line":8,"column":28}},"loc":{"start":{"line":8,"column":38},"end":{"line":10,"column":1}}},"3":{"name":"(anonymous_3)","decl":{"start":{"line":9,"column":55},"end":{"line":9,"column":58}},"loc":{"start":{"line":9,"column":60},"end":{"line":9,"column":70}}},"4":{"name":"addNewItem","decl":{"start":{"line":12,"column":16},"end":{"line":12,"column":26}},"loc":{"start":{"line":12,"column":39},"end":{"line":14,"column":1}}},"5":{"name":"(anonymous_5)","decl":{"start":{"line":13,"column":56},"end":{"line":13,"column":59}},"loc":{"start":{"line":13,"column":61},"end":{"line":13,"column":71}}}},"branchMap":{},"s":{"0":1,"1":1,"2":1,"3":1,"4":0,"5":0,"6":0,"7":0,"8":1,"9":1},"f":{"0":0,"1":0,"2":0,"3":0,"4":1,"5":1},"b":{}}
}
